-------------------------------------------------------------------------------
Test set: runner.Runner
-------------------------------------------------------------------------------
Tests run: 5, Failures: 1, Errors: 0, Skipped: 0, Time elapsed: 33.698 s <<< FAILURE! - in runner.Runner
Verify The Customer Order List.Verify The Order List  Time elapsed: 5.961 s  <<< FAILURE!
org.junit.ComparisonFailure: expected:<Order [is ]List> but was:<Order []List>

